# project noname (1.0) configured on Sun May 13 21:25:03 2012 by
# waf 1.5.16 (abi 7, python 20703f0 on linux2)
# using /usr/local/bin/node-waf configure
#

----------------------------------------
Setting srcdir to
/home/cannelony/Dropbox/Documents/Uni/8. Semester/Bachelorarbeit/project

----------------------------------------
Setting blddir to
/home/cannelony/Dropbox/Documents/Uni/8. Semester/Bachelorarbeit/project/build

----------------------------------------
Checking for program g++ or c++
  find program=['g++', 'c++'] paths=[] var='CXX'
  -> '/usr/bin/g++'

----------------------------------------
Checking for program cpp
  find program=['cpp'] paths=[] var='CPP'
  -> '/usr/bin/cpp'

----------------------------------------
Checking for program ar
  find program=['ar'] paths=[] var='AR'
  -> '/usr/bin/ar'

----------------------------------------
Checking for program ranlib
  find program=['ranlib'] paths=[] var='RANLIB'
  -> '/usr/bin/ranlib'

----------------------------------------
Checking for g++ 
ok 

----------------------------------------
Checking for node path 
not found

----------------------------------------
Checking for node prefix 
ok /usr/local
